Arguments: 
  C:\Program Files\nodejs\node.exe C:\Users\cag\AppData\Roaming\npm\node_modules\yarn\bin\yarn.js init

PATH: 
  C:\Users\cag\bin;D:\Program Files (x86)\Git\mingw32\bin;D:\Program Files (x86)\Git\usr\local\bin;D:\Program Files (x86)\Git\usr\bin;D:\Program Files (x86)\Git\usr\bin;D:\Program Files (x86)\Git\mingw32\bin;D:\Program Files (x86)\Git\usr\bin;C:\Users\cag\bin;C:\ProgramData\Oracle\Java\javapath;C:\Windows\system32;C:\Windows;C:\Windows\System32\Wbem;C:\Windows\System32\WindowsPowerShell\v1.0;C:\Program Files (x86)\ATI Technologies\ATI.ACE\Core-Static;C:\Program Files\nodejs;C:\Python27;C:\Ruby22-x64\bin;C:\Program Files\nodejs\node_modules\npm\bin;C:\Python34;D:\Program Files (x86)\SSH Communications Security\SSH Secure Shell;C:\Users\cag\AppData\Roaming\npm;D:\Program Files (x86)\Git\usr\bin\vendor_perl;D:\Program Files (x86)\Git\usr\bin\core_perl

Yarn version: 
  0.20.3

Node version: 
  4.4.4

Platform: 
  win32 x64

npm manifest: 
  No manifest

yarn manifest: 
  No manifest

Lockfile: 
  No lockfile

Trace: 
  Error: Can't answer a question unless a user TTY
      at ConsoleReporter.question (C:\Users\cag\AppData\Roaming\npm\node_modules\yarn\lib-legacy\reporters\console\console-reporter.js:211:59)
      at Object.<anonymous> (C:\Users\cag\AppData\Roaming\npm\node_modules\yarn\lib-legacy\cli\commands\init.js:121:38)
      at next (native)
      at step (C:\Users\cag\AppData\Roaming\npm\node_modules\yarn\node_modules\babel-runtime\helpers\asyncToGenerator.js:17:30)
      at C:\Users\cag\AppData\Roaming\npm\node_modules\yarn\node_modules\babel-runtime\helpers\asyncToGenerator.js:28:13
      at run (C:\Users\cag\AppData\Roaming\npm\node_modules\yarn\node_modules\core-js\library\modules\es6.promise.js:87:22)
      at C:\Users\cag\AppData\Roaming\npm\node_modules\yarn\node_modules\core-js\library\modules\es6.promise.js:100:28
      at flush (C:\Users\cag\AppData\Roaming\npm\node_modules\yarn\node_modules\core-js\library\modules\_microtask.js:18:9)
      at nextTickCallbackWith0Args (node.js:420:9)
      at process._tickCallback (node.js:349:13)
